[02:06:33] [main/WARN]: Ambiguity between arguments [teleport, destination] and [teleport, targets] with inputs: [Player, 0123, @e, dd12be42-52a9-4a91-a8a1-11c01849e498]
[02:06:33] [main/WARN]: Ambiguity between arguments [teleport, location] and [teleport, destination] with inputs: [0.1 -0.5 .9, 0 0 0]
[02:06:33] [main/WARN]: Ambiguity between arguments [teleport, location] and [teleport, targets] with inputs: [0.1 -0.5 .9, 0 0 0]
[02:06:33] [main/WARN]: Ambiguity between arguments [teleport, targets] and [teleport, destination] with inputs: [Player, 0123, dd12be42-52a9-4a91-a8a1-11c01849e498]
[02:06:33] [main/WARN]: Ambiguity between arguments [teleport, targets, location] and [teleport, targets, destination] with inputs: [0.1 -0.5 .9, 0 0 0]
[02:06:33] [Server thread/INFO]: Starting minecraft server version 1.14.4
[02:06:33] [Server thread/INFO]: Loading properties
[02:06:33] [Server thread/INFO]: Default game type: SURVIVAL
[02:06:33] [Server thread/INFO]: Generating keypair
[02:06:33] [Server thread/INFO]: Starting Minecraft server on 192.168.1.75:25565
[02:06:33] [Server thread/INFO]: Using default channel type
[02:06:33] [Server thread/WARN]: **** FAILED TO BIND TO PORT!
[02:06:33] [Server thread/WARN]: The exception was: java.net.BindException: Address already in use: bind
[02:06:33] [Server thread/WARN]: Perhaps a server is already running on that port?
[02:06:33] [Server thread/INFO]: Stopping server
[02:06:33] [Server thread/INFO]: Saving worlds
[02:06:33] [Server thread/ERROR]: Exception stopping the server
java.lang.NullPointerException: null
	at net.minecraft.server.MinecraftServer.a(SourceFile:546) ~[server.jar:?]
	at net.minecraft.server.MinecraftServer.m(SourceFile:574) ~[server.jar:?]
	at uk.m(SourceFile:593) ~[server.jar:?]
	at net.minecraft.server.MinecraftServer.run(SourceFile:676) [server.jar:?]
	at java.lang.Thread.run(Thread.java:745) [?:1.8.0_51]
